<?xml version="1.0" encoding="UTF-8"?>
<!-- Generated by org.testng.reporters.JUnitReportReporter -->
<testsuite hostname="dell1" name="org.ejagruti.testcases.TESTCASE1" tests="1" failures="0" timestamp="2 Jan 2018 06:08:55 GMT" time="29.438" errors="0">
  <testcase name="TESTCASE1" time="29.438" classname="org.ejagruti.testcases.TESTCASE1"/>
</testsuite> <!-- org.ejagruti.testcases.TESTCASE1 -->
