<?xml version="1.0" encoding="UTF-8"?>
<!-- Generated by org.testng.reporters.JUnitReportReporter -->
<testsuite hostname="dell1" name="org.ejagruti.investcorp.AdminLogin" tests="1" failures="0" timestamp="28 Oct 2017 06:04:10 GMT" time="4.582" errors="0">
  <testcase name="Execute" time="4.582" classname="org.ejagruti.investcorp.AdminLogin"/>
</testsuite> <!-- org.ejagruti.investcorp.AdminLogin -->
