<?xml version="1.0" encoding="UTF-8"?>
<!-- Generated by org.testng.reporters.JUnitReportReporter -->
<testsuite hostname="dell1" name="org.ejagruti.investcorp.ClientLogin" tests="1" failures="0" timestamp="30 Sep 2017 18:22:24 GMT" time="1.039" errors="0">
  <testcase name="Execute" time="1.039" classname="org.ejagruti.investcorp.ClientLogin"/>
</testsuite> <!-- org.ejagruti.investcorp.ClientLogin -->
