<?xml version="1.0" encoding="UTF-8"?>
<!-- Generated by org.testng.reporters.JUnitReportReporter -->
<testsuite hostname="dell1" name="org.ejagruti.investcorp.LaunchApp" tests="1" failures="0" timestamp="28 Oct 2017 06:04:10 GMT" time="15.097" errors="0">
  <testcase name="Launch" time="15.097" classname="org.ejagruti.investcorp.LaunchApp"/>
</testsuite> <!-- org.ejagruti.investcorp.LaunchApp -->
