<?xml version="1.0" encoding="UTF-8"?>
<!-- Generated by org.testng.reporters.JUnitReportReporter -->
<testsuite hostname="dell1" name="org.ejagruti.investcorp.Navigation" tests="1" failures="0" timestamp="28 Oct 2017 06:04:10 GMT" time="1.717" errors="0">
  <testcase name="Execute" time="1.717" classname="org.ejagruti.investcorp.Navigation"/>
</testsuite> <!-- org.ejagruti.investcorp.Navigation -->
