<?xml version="1.0" encoding="UTF-8"?>
<!-- Generated by org.testng.reporters.JUnitReportReporter -->
<testsuite hostname="dell1" name="org.ejagruti.testcases.TESTCASE2" tests="1" failures="0" timestamp="2 Jan 2018 06:08:54 GMT" time="14.776" errors="0">
  <testcase name="TESTCASE2" time="14.776" classname="org.ejagruti.testcases.TESTCASE2"/>
</testsuite> <!-- org.ejagruti.testcases.TESTCASE2 -->
