<?xml version="1.0" encoding="UTF-8"?>
<!-- Generated by org.testng.reporters.JUnitReportReporter -->
<testsuite hostname="dell1" name="org.ejagruti.investcorp.Search" tests="1" failures="0" timestamp="1 Oct 2017 02:38:03 GMT" time="1.347" errors="0">
  <testcase name="Execute" time="1.347" classname="org.ejagruti.investcorp.Search"/>
</testsuite> <!-- org.ejagruti.investcorp.Search -->
