<?xml version="1.0" encoding="UTF-8"?>
<!-- Generated by org.testng.reporters.JUnitReportReporter -->
<testsuite hostname="dell1" name="org.ejagruti.investcorp.Logout" tests="1" failures="0" timestamp="1 Oct 2017 02:38:03 GMT" time="0.315" errors="0">
  <testcase name="close" time="0.315" classname="org.ejagruti.investcorp.Logout"/>
</testsuite> <!-- org.ejagruti.investcorp.Logout -->
